Analysis & Synthesis report for TopIO_Interface
Mon May 19 13:50:52 2025
Quartus Prime Version 20.1.1 Build 720 11/11/2020 SJ Lite Edition


---------------------
; Table of Contents ;
---------------------
  1. Legal Notice
  2. Analysis & Synthesis Summary
  3. Analysis & Synthesis Settings
  4. Parallel Compilation
  5. Analysis & Synthesis Source Files Read
  6. Analysis & Synthesis Resource Usage Summary
  7. Analysis & Synthesis Resource Utilization by Entity
  8. General Register Statistics
  9. Multiplexer Restructuring Statistics (Restructuring Performed)
 10. Parameter Settings for User Entity Instance: Top-level Entity: |ALU
 11. Parameter Settings for User Entity Instance: AdderSub:adder
 12. Parameter Settings for User Entity Instance: AdderSub:adder|Ripple_adder:g0
 13. Parameter Settings for User Entity Instance: AdderSub:adder|Ripple_adder:g1
 14. Parameter Settings for User Entity Instance: AdderSub:adder|Ripple_adder:g2
 15. Parameter Settings for User Entity Instance: AdderSub:adder|Ripple_adder:g3
 16. Parameter Settings for User Entity Instance: AdderSub:adder|Ripple_adder:g4
 17. Parameter Settings for User Entity Instance: Logic:logic_unit
 18. Parameter Settings for User Entity Instance: Shifter:shifter_unit
 19. Parameter Settings for User Entity Instance: PWMunit:PWM_unit
 20. Port Connectivity Checks: "AdderSub:adder|Ripple_adder:g4"
 21. Port Connectivity Checks: "AdderSub:adder|Ripple_adder:g3"
 22. Port Connectivity Checks: "AdderSub:adder|Ripple_adder:g2"
 23. Port Connectivity Checks: "AdderSub:adder|Ripple_adder:g1"
 24. Port Connectivity Checks: "AdderSub:adder|Ripple_adder:g0"
 25. Post-Synthesis Netlist Statistics for Top Partition
 26. Elapsed Time Per Partition
 27. Analysis & Synthesis Messages



----------------
; Legal Notice ;
----------------
Copyright (C) 2020  Intel Corporation. All rights reserved.
Your use of Intel Corporation's design tools, logic functions 
and other software and tools, and any partner logic 
functions, and any output files from any of the foregoing 
(including device programming or simulation files), and any 
associated documentation or information are expressly subject 
to the terms and conditions of the Intel Program License 
Subscription Agreement, the Intel Quartus Prime License Agreement,
the Intel FPGA IP License Agreement, or other applicable license
agreement, including, without limitation, that your use is for
the sole purpose of programming logic devices manufactured by
Intel and sold by Intel or its authorized distributors.  Please
refer to the applicable agreement for further details, at
https://fpgasoftware.intel.com/eula.



+-------------------------------------------------------------------------------+
; Analysis & Synthesis Summary                                                  ;
+---------------------------------+---------------------------------------------+
; Analysis & Synthesis Status     ; Successful - Mon May 19 13:50:52 2025       ;
; Quartus Prime Version           ; 20.1.1 Build 720 11/11/2020 SJ Lite Edition ;
; Revision Name                   ; TopIO_Interface                             ;
; Top-level Entity Name           ; ALU                                         ;
; Family                          ; Cyclone V                                   ;
; Logic utilization (in ALMs)     ; N/A                                         ;
; Total registers                 ; 10                                          ;
; Total pins                      ; 37                                          ;
; Total virtual pins              ; 0                                           ;
; Total block memory bits         ; 0                                           ;
; Total DSP Blocks                ; 0                                           ;
; Total HSSI RX PCSs              ; 0                                           ;
; Total HSSI PMA RX Deserializers ; 0                                           ;
; Total HSSI TX PCSs              ; 0                                           ;
; Total HSSI PMA TX Serializers   ; 0                                           ;
; Total PLLs                      ; 0                                           ;
; Total DLLs                      ; 0                                           ;
+---------------------------------+---------------------------------------------+


+---------------------------------------------------------------------------------------------------------------------------+
; Analysis & Synthesis Settings                                                                                             ;
+---------------------------------------------------------------------------------+--------------------+--------------------+
; Option                                                                          ; Setting            ; Default Value      ;
+---------------------------------------------------------------------------------+--------------------+--------------------+
; Device                                                                          ; 5CSXFC6D6F31C6     ;                    ;
; Top-level entity name                                                           ; ALU                ; TopIO_Interface    ;
; Family name                                                                     ; Cyclone V          ; Cyclone V          ;
; VHDL Show LMF Mapping Messages                                                  ; Off                ;                    ;
; VHDL Version                                                                    ; VHDL_2008          ; VHDL_1993          ;
; Use smart compilation                                                           ; Off                ; Off                ;
; Enable parallel Assembler and Timing Analyzer during compilation                ; On                 ; On                 ;
; Enable compact report table                                                     ; Off                ; Off                ;
; Restructure Multiplexers                                                        ; Auto               ; Auto               ;
; MLAB Add Timing Constraints For Mixed-Port Feed-Through Mode Setting Don't Care ; Off                ; Off                ;
; Create Debugging Nodes for IP Cores                                             ; Off                ; Off                ;
; Preserve fewer node names                                                       ; On                 ; On                 ;
; Intel FPGA IP Evaluation Mode                                                   ; Enable             ; Enable             ;
; Verilog Version                                                                 ; Verilog_2001       ; Verilog_2001       ;
; State Machine Processing                                                        ; Auto               ; Auto               ;
; Safe State Machine                                                              ; Off                ; Off                ;
; Extract Verilog State Machines                                                  ; On                 ; On                 ;
; Extract VHDL State Machines                                                     ; On                 ; On                 ;
; Ignore Verilog initial constructs                                               ; Off                ; Off                ;
; Iteration limit for constant Verilog loops                                      ; 5000               ; 5000               ;
; Iteration limit for non-constant Verilog loops                                  ; 250                ; 250                ;
; Add Pass-Through Logic to Inferred RAMs                                         ; On                 ; On                 ;
; Infer RAMs from Raw Logic                                                       ; On                 ; On                 ;
; Parallel Synthesis                                                              ; On                 ; On                 ;
; DSP Block Balancing                                                             ; Auto               ; Auto               ;
; NOT Gate Push-Back                                                              ; On                 ; On                 ;
; Power-Up Don't Care                                                             ; On                 ; On                 ;
; Remove Redundant Logic Cells                                                    ; Off                ; Off                ;
; Remove Duplicate Registers                                                      ; On                 ; On                 ;
; Ignore CARRY Buffers                                                            ; Off                ; Off                ;
; Ignore CASCADE Buffers                                                          ; Off                ; Off                ;
; Ignore GLOBAL Buffers                                                           ; Off                ; Off                ;
; Ignore ROW GLOBAL Buffers                                                       ; Off                ; Off                ;
; Ignore LCELL Buffers                                                            ; Off                ; Off                ;
; Ignore SOFT Buffers                                                             ; On                 ; On                 ;
; Limit AHDL Integers to 32 Bits                                                  ; Off                ; Off                ;
; Optimization Technique                                                          ; Balanced           ; Balanced           ;
; Carry Chain Length                                                              ; 70                 ; 70                 ;
; Auto Carry Chains                                                               ; On                 ; On                 ;
; Auto Open-Drain Pins                                                            ; On                 ; On                 ;
; Perform WYSIWYG Primitive Resynthesis                                           ; Off                ; Off                ;
; Auto ROM Replacement                                                            ; On                 ; On                 ;
; Auto RAM Replacement                                                            ; On                 ; On                 ;
; Auto DSP Block Replacement                                                      ; On                 ; On                 ;
; Auto Shift Register Replacement                                                 ; Auto               ; Auto               ;
; Allow Shift Register Merging across Hierarchies                                 ; Auto               ; Auto               ;
; Auto Clock Enable Replacement                                                   ; On                 ; On                 ;
; Strict RAM Replacement                                                          ; Off                ; Off                ;
; Allow Synchronous Control Signals                                               ; On                 ; On                 ;
; Force Use of Synchronous Clear Signals                                          ; Off                ; Off                ;
; Auto Resource Sharing                                                           ; Off                ; Off                ;
; Allow Any RAM Size For Recognition                                              ; Off                ; Off                ;
; Allow Any ROM Size For Recognition                                              ; Off                ; Off                ;
; Allow Any Shift Register Size For Recognition                                   ; Off                ; Off                ;
; Use LogicLock Constraints during Resource Balancing                             ; On                 ; On                 ;
; Ignore translate_off and synthesis_off directives                               ; Off                ; Off                ;
; Timing-Driven Synthesis                                                         ; On                 ; On                 ;
; Report Parameter Settings                                                       ; On                 ; On                 ;
; Report Source Assignments                                                       ; On                 ; On                 ;
; Report Connectivity Checks                                                      ; On                 ; On                 ;
; Ignore Maximum Fan-Out Assignments                                              ; Off                ; Off                ;
; Synchronization Register Chain Length                                           ; 3                  ; 3                  ;
; Power Optimization During Synthesis                                             ; Normal compilation ; Normal compilation ;
; HDL message level                                                               ; Level2             ; Level2             ;
; Suppress Register Optimization Related Messages                                 ; Off                ; Off                ;
; Number of Removed Registers Reported in Synthesis Report                        ; 5000               ; 5000               ;
; Number of Swept Nodes Reported in Synthesis Report                              ; 5000               ; 5000               ;
; Number of Inverted Registers Reported in Synthesis Report                       ; 100                ; 100                ;
; Clock MUX Protection                                                            ; On                 ; On                 ;
; Auto Gated Clock Conversion                                                     ; Off                ; Off                ;
; Block Design Naming                                                             ; Auto               ; Auto               ;
; SDC constraint protection                                                       ; Off                ; Off                ;
; Synthesis Effort                                                                ; Auto               ; Auto               ;
; Shift Register Replacement - Allow Asynchronous Clear Signal                    ; On                 ; On                 ;
; Pre-Mapping Resynthesis Optimization                                            ; Off                ; Off                ;
; Analysis & Synthesis Message Level                                              ; Medium             ; Medium             ;
; Disable Register Merging Across Hierarchies                                     ; Auto               ; Auto               ;
; Resource Aware Inference For Block RAM                                          ; On                 ; On                 ;
; Automatic Parallel Synthesis                                                    ; On                 ; On                 ;
; Partial Reconfiguration Bitstream ID                                            ; Off                ; Off                ;
+---------------------------------------------------------------------------------+--------------------+--------------------+


+------------------------------------------+
; Parallel Compilation                     ;
+----------------------------+-------------+
; Processors                 ; Number      ;
+----------------------------+-------------+
; Number detected on machine ; 8           ;
; Maximum allowed            ; 4           ;
;                            ;             ;
; Average used               ; 1.00        ;
; Maximum used               ; 1           ;
;                            ;             ;
; Usage by Processor         ; % Time Used ;
;     Processor 1            ; 100.0%      ;
+----------------------------+-------------+


+---------------------------------------------------------------------------------------------------------------+
; Analysis & Synthesis Source Files Read                                                                        ;
+----------------------------------+-----------------+-----------------+------------------------------+---------+
; File Name with User-Entered Path ; Used in Netlist ; File Type       ; File Name with Absolute Path ; Library ;
+----------------------------------+-----------------+-----------------+------------------------------+---------+
; Shifter.vhd                      ; yes             ; User VHDL File  ; D:/LAB4/Shifter.vhd          ;         ;
; PWMunit.vhd                      ; yes             ; User VHDL File  ; D:/LAB4/PWMunit.vhd          ;         ;
; Logic.vhd                        ; yes             ; User VHDL File  ; D:/LAB4/Logic.vhd            ;         ;
; FA.vhd                           ; yes             ; User VHDL File  ; D:/LAB4/FA.vhd               ;         ;
; aux_package.vhd                  ; yes             ; User VHDL File  ; D:/LAB4/aux_package.vhd      ;         ;
; ALU.vhd                          ; yes             ; User VHDL File  ; D:/LAB4/ALU.vhd              ;         ;
; AdderSub.vhd                     ; yes             ; User VHDL File  ; D:/LAB4/AdderSub.vhd         ;         ;
+----------------------------------+-----------------+-----------------+------------------------------+---------+


+----------------------------------------------------------------+
; Analysis & Synthesis Resource Usage Summary                    ;
+---------------------------------------------+------------------+
; Resource                                    ; Usage            ;
+---------------------------------------------+------------------+
; Estimate of Logic utilization (ALMs needed) ; 141              ;
;                                             ;                  ;
; Combinational ALUT usage for logic          ; 208              ;
;     -- 7 input functions                    ; 3                ;
;     -- 6 input functions                    ; 70               ;
;     -- 5 input functions                    ; 42               ;
;     -- 4 input functions                    ; 49               ;
;     -- <=3 input functions                  ; 44               ;
;                                             ;                  ;
; Dedicated logic registers                   ; 10               ;
;                                             ;                  ;
; I/O pins                                    ; 37               ;
;                                             ;                  ;
; Total DSP Blocks                            ; 0                ;
;                                             ;                  ;
; Maximum fan-out node                        ; ALUFN_i[4]~input ;
; Maximum fan-out                             ; 73               ;
; Total fan-out                               ; 1057             ;
; Average fan-out                             ; 3.62             ;
+---------------------------------------------+------------------+


+---------------------------------------------------------------------------------------------------------------------------------------------------------------------------------------------------------------------------+
; Analysis & Synthesis Resource Utilization by Entity                                                                                                                                                                       ;
+-----------------------------+---------------------+---------------------------+-------------------+------------+------+--------------+------------------------------------------------------+--------------+--------------+
; Compilation Hierarchy Node  ; Combinational ALUTs ; Dedicated Logic Registers ; Block Memory Bits ; DSP Blocks ; Pins ; Virtual Pins ; Full Hierarchy Name                                  ; Entity Name  ; Library Name ;
+-----------------------------+---------------------+---------------------------+-------------------+------------+------+--------------+------------------------------------------------------+--------------+--------------+
; |ALU                        ; 208 (112)           ; 10 (0)                    ; 0                 ; 0          ; 37   ; 0            ; |ALU                                                 ; ALU          ; work         ;
;    |AdderSub:adder|         ; 42 (5)              ; 0 (0)                     ; 0                 ; 0          ; 0    ; 0            ; |ALU|AdderSub:adder                                  ; AdderSub     ; work         ;
;       |Ripple_adder:g0|     ; 9 (0)               ; 0 (0)                     ; 0                 ; 0          ; 0    ; 0            ; |ALU|AdderSub:adder|Ripple_adder:g0                  ; Ripple_adder ; work         ;
;          |FA:\rest:1:chain| ; 2 (2)               ; 0 (0)                     ; 0                 ; 0          ; 0    ; 0            ; |ALU|AdderSub:adder|Ripple_adder:g0|FA:\rest:1:chain ; FA           ; work         ;
;          |FA:\rest:2:chain| ; 2 (2)               ; 0 (0)                     ; 0                 ; 0          ; 0    ; 0            ; |ALU|AdderSub:adder|Ripple_adder:g0|FA:\rest:2:chain ; FA           ; work         ;
;          |FA:\rest:3:chain| ; 1 (1)               ; 0 (0)                     ; 0                 ; 0          ; 0    ; 0            ; |ALU|AdderSub:adder|Ripple_adder:g0|FA:\rest:3:chain ; FA           ; work         ;
;          |FA:\rest:4:chain| ; 2 (2)               ; 0 (0)                     ; 0                 ; 0          ; 0    ; 0            ; |ALU|AdderSub:adder|Ripple_adder:g0|FA:\rest:4:chain ; FA           ; work         ;
;          |FA:\rest:6:chain| ; 2 (2)               ; 0 (0)                     ; 0                 ; 0          ; 0    ; 0            ; |ALU|AdderSub:adder|Ripple_adder:g0|FA:\rest:6:chain ; FA           ; work         ;
;       |Ripple_adder:g1|     ; 9 (0)               ; 0 (0)                     ; 0                 ; 0          ; 0    ; 0            ; |ALU|AdderSub:adder|Ripple_adder:g1                  ; Ripple_adder ; work         ;
;          |FA:\rest:1:chain| ; 2 (2)               ; 0 (0)                     ; 0                 ; 0          ; 0    ; 0            ; |ALU|AdderSub:adder|Ripple_adder:g1|FA:\rest:1:chain ; FA           ; work         ;
;          |FA:\rest:2:chain| ; 2 (2)               ; 0 (0)                     ; 0                 ; 0          ; 0    ; 0            ; |ALU|AdderSub:adder|Ripple_adder:g1|FA:\rest:2:chain ; FA           ; work         ;
;          |FA:\rest:3:chain| ; 1 (1)               ; 0 (0)                     ; 0                 ; 0          ; 0    ; 0            ; |ALU|AdderSub:adder|Ripple_adder:g1|FA:\rest:3:chain ; FA           ; work         ;
;          |FA:\rest:4:chain| ; 2 (2)               ; 0 (0)                     ; 0                 ; 0          ; 0    ; 0            ; |ALU|AdderSub:adder|Ripple_adder:g1|FA:\rest:4:chain ; FA           ; work         ;
;          |FA:\rest:6:chain| ; 2 (2)               ; 0 (0)                     ; 0                 ; 0          ; 0    ; 0            ; |ALU|AdderSub:adder|Ripple_adder:g1|FA:\rest:6:chain ; FA           ; work         ;
;       |Ripple_adder:g2|     ; 7 (0)               ; 0 (0)                     ; 0                 ; 0          ; 0    ; 0            ; |ALU|AdderSub:adder|Ripple_adder:g2                  ; Ripple_adder ; work         ;
;          |FA:\rest:1:chain| ; 1 (1)               ; 0 (0)                     ; 0                 ; 0          ; 0    ; 0            ; |ALU|AdderSub:adder|Ripple_adder:g2|FA:\rest:1:chain ; FA           ; work         ;
;          |FA:\rest:2:chain| ; 1 (1)               ; 0 (0)                     ; 0                 ; 0          ; 0    ; 0            ; |ALU|AdderSub:adder|Ripple_adder:g2|FA:\rest:2:chain ; FA           ; work         ;
;          |FA:\rest:3:chain| ; 1 (1)               ; 0 (0)                     ; 0                 ; 0          ; 0    ; 0            ; |ALU|AdderSub:adder|Ripple_adder:g2|FA:\rest:3:chain ; FA           ; work         ;
;          |FA:\rest:4:chain| ; 2 (2)               ; 0 (0)                     ; 0                 ; 0          ; 0    ; 0            ; |ALU|AdderSub:adder|Ripple_adder:g2|FA:\rest:4:chain ; FA           ; work         ;
;          |FA:\rest:6:chain| ; 2 (2)               ; 0 (0)                     ; 0                 ; 0          ; 0    ; 0            ; |ALU|AdderSub:adder|Ripple_adder:g2|FA:\rest:6:chain ; FA           ; work         ;
;       |Ripple_adder:g3|     ; 6 (0)               ; 0 (0)                     ; 0                 ; 0          ; 0    ; 0            ; |ALU|AdderSub:adder|Ripple_adder:g3                  ; Ripple_adder ; work         ;
;          |FA:\rest:1:chain| ; 1 (1)               ; 0 (0)                     ; 0                 ; 0          ; 0    ; 0            ; |ALU|AdderSub:adder|Ripple_adder:g3|FA:\rest:1:chain ; FA           ; work         ;
;          |FA:\rest:2:chain| ; 1 (1)               ; 0 (0)                     ; 0                 ; 0          ; 0    ; 0            ; |ALU|AdderSub:adder|Ripple_adder:g3|FA:\rest:2:chain ; FA           ; work         ;
;          |FA:\rest:3:chain| ; 2 (2)               ; 0 (0)                     ; 0                 ; 0          ; 0    ; 0            ; |ALU|AdderSub:adder|Ripple_adder:g3|FA:\rest:3:chain ; FA           ; work         ;
;          |FA:\rest:4:chain| ; 1 (1)               ; 0 (0)                     ; 0                 ; 0          ; 0    ; 0            ; |ALU|AdderSub:adder|Ripple_adder:g3|FA:\rest:4:chain ; FA           ; work         ;
;          |FA:\rest:5:chain| ; 1 (1)               ; 0 (0)                     ; 0                 ; 0          ; 0    ; 0            ; |ALU|AdderSub:adder|Ripple_adder:g3|FA:\rest:5:chain ; FA           ; work         ;
;       |Ripple_adder:g4|     ; 6 (0)               ; 0 (0)                     ; 0                 ; 0          ; 0    ; 0            ; |ALU|AdderSub:adder|Ripple_adder:g4                  ; Ripple_adder ; work         ;
;          |FA:\rest:2:chain| ; 1 (1)               ; 0 (0)                     ; 0                 ; 0          ; 0    ; 0            ; |ALU|AdderSub:adder|Ripple_adder:g4|FA:\rest:2:chain ; FA           ; work         ;
;          |FA:\rest:3:chain| ; 1 (1)               ; 0 (0)                     ; 0                 ; 0          ; 0    ; 0            ; |ALU|AdderSub:adder|Ripple_adder:g4|FA:\rest:3:chain ; FA           ; work         ;
;          |FA:\rest:4:chain| ; 2 (2)               ; 0 (0)                     ; 0                 ; 0          ; 0    ; 0            ; |ALU|AdderSub:adder|Ripple_adder:g4|FA:\rest:4:chain ; FA           ; work         ;
;          |FA:\rest:6:chain| ; 1 (1)               ; 0 (0)                     ; 0                 ; 0          ; 0    ; 0            ; |ALU|AdderSub:adder|Ripple_adder:g4|FA:\rest:6:chain ; FA           ; work         ;
;          |FA:\rest:7:chain| ; 1 (1)               ; 0 (0)                     ; 0                 ; 0          ; 0    ; 0            ; |ALU|AdderSub:adder|Ripple_adder:g4|FA:\rest:7:chain ; FA           ; work         ;
;    |PWMunit:PWM_unit|       ; 26 (26)             ; 10 (10)                   ; 0                 ; 0          ; 0    ; 0            ; |ALU|PWMunit:PWM_unit                                ; PWMunit      ; work         ;
;    |Shifter:shifter_unit|   ; 28 (28)             ; 0 (0)                     ; 0                 ; 0          ; 0    ; 0            ; |ALU|Shifter:shifter_unit                            ; Shifter      ; work         ;
+-----------------------------+---------------------+---------------------------+-------------------+------------+------+--------------+------------------------------------------------------+--------------+--------------+
Note: For table entries with two numbers listed, the numbers in parentheses indicate the number of resources of the given type used by the specific entity alone. The numbers listed outside of parentheses indicate the total resources of the given type used by the specific entity and all of its sub-entities in the hierarchy.


+------------------------------------------------------+
; General Register Statistics                          ;
+----------------------------------------------+-------+
; Statistic                                    ; Value ;
+----------------------------------------------+-------+
; Total registers                              ; 10    ;
; Number of registers using Synchronous Clear  ; 8     ;
; Number of registers using Synchronous Load   ; 0     ;
; Number of registers using Asynchronous Clear ; 10    ;
; Number of registers using Asynchronous Load  ; 0     ;
; Number of registers using Clock Enable       ; 8     ;
; Number of registers using Preset             ; 0     ;
+----------------------------------------------+-------+


+--------------------------------------------------------------------------------------------------------------------------------------------------------+
; Multiplexer Restructuring Statistics (Restructuring Performed)                                                                                         ;
+--------------------+-----------+---------------+----------------------+------------------------+------------+------------------------------------------+
; Multiplexer Inputs ; Bus Width ; Baseline Area ; Area if Restructured ; Saving if Restructured ; Registered ; Example Multiplexer Output               ;
+--------------------+-----------+---------------+----------------------+------------------------+------------+------------------------------------------+
; 4:1                ; 6 bits    ; 12 LEs        ; 12 LEs               ; 0 LEs                  ; No         ; |ALU|Shifter:shifter_unit|shiftMat[1][6] ;
; 3:1                ; 2 bits    ; 4 LEs         ; 4 LEs                ; 0 LEs                  ; No         ; |ALU|Shifter:shifter_unit|shiftMat[3][1] ;
; 3:1                ; 2 bits    ; 4 LEs         ; 4 LEs                ; 0 LEs                  ; No         ; |ALU|Shifter:shifter_unit|shiftMat[3][2] ;
; 4:1                ; 2 bits    ; 4 LEs         ; 4 LEs                ; 0 LEs                  ; No         ; |ALU|Shifter:shifter_unit|shiftMat[3][5] ;
; 20:1               ; 7 bits    ; 91 LEs        ; 84 LEs               ; 7 LEs                  ; No         ; |ALU|ALUout_internal                     ;
+--------------------+-----------+---------------+----------------------+------------------------+------------+------------------------------------------+


+---------------------------------------------------------------------+
; Parameter Settings for User Entity Instance: Top-level Entity: |ALU ;
+----------------+-------+--------------------------------------------+
; Parameter Name ; Value ; Type                                       ;
+----------------+-------+--------------------------------------------+
; n              ; 8     ; Signed Integer                             ;
; k              ; 3     ; Signed Integer                             ;
; m              ; 4     ; Signed Integer                             ;
+----------------+-------+--------------------------------------------+
Note: In order to hide this table in the UI and the text report file, please set the "Show Parameter Settings in Synthesis Report" option in "Analysis and Synthesis Settings -> More Settings" to "Off".


+-------------------------------------------------------------+
; Parameter Settings for User Entity Instance: AdderSub:adder ;
+----------------+-------+------------------------------------+
; Parameter Name ; Value ; Type                               ;
+----------------+-------+------------------------------------+
; n              ; 8     ; Signed Integer                     ;
; k              ; 4     ; Signed Integer                     ;
+----------------+-------+------------------------------------+
Note: In order to hide this table in the UI and the text report file, please set the "Show Parameter Settings in Synthesis Report" option in "Analysis and Synthesis Settings -> More Settings" to "Off".


+-----------------------------------------------------------------------------+
; Parameter Settings for User Entity Instance: AdderSub:adder|Ripple_adder:g0 ;
+----------------+-------+----------------------------------------------------+
; Parameter Name ; Value ; Type                                               ;
+----------------+-------+----------------------------------------------------+
; n              ; 8     ; Signed Integer                                     ;
+----------------+-------+----------------------------------------------------+
Note: In order to hide this table in the UI and the text report file, please set the "Show Parameter Settings in Synthesis Report" option in "Analysis and Synthesis Settings -> More Settings" to "Off".


+-----------------------------------------------------------------------------+
; Parameter Settings for User Entity Instance: AdderSub:adder|Ripple_adder:g1 ;
+----------------+-------+----------------------------------------------------+
; Parameter Name ; Value ; Type                                               ;
+----------------+-------+----------------------------------------------------+
; n              ; 8     ; Signed Integer                                     ;
+----------------+-------+----------------------------------------------------+
Note: In order to hide this table in the UI and the text report file, please set the "Show Parameter Settings in Synthesis Report" option in "Analysis and Synthesis Settings -> More Settings" to "Off".


+-----------------------------------------------------------------------------+
; Parameter Settings for User Entity Instance: AdderSub:adder|Ripple_adder:g2 ;
+----------------+-------+----------------------------------------------------+
; Parameter Name ; Value ; Type                                               ;
+----------------+-------+----------------------------------------------------+
; n              ; 8     ; Signed Integer                                     ;
+----------------+-------+----------------------------------------------------+
Note: In order to hide this table in the UI and the text report file, please set the "Show Parameter Settings in Synthesis Report" option in "Analysis and Synthesis Settings -> More Settings" to "Off".


+-----------------------------------------------------------------------------+
; Parameter Settings for User Entity Instance: AdderSub:adder|Ripple_adder:g3 ;
+----------------+-------+----------------------------------------------------+
; Parameter Name ; Value ; Type                                               ;
+----------------+-------+----------------------------------------------------+
; n              ; 8     ; Signed Integer                                     ;
+----------------+-------+----------------------------------------------------+
Note: In order to hide this table in the UI and the text report file, please set the "Show Parameter Settings in Synthesis Report" option in "Analysis and Synthesis Settings -> More Settings" to "Off".


+-----------------------------------------------------------------------------+
; Parameter Settings for User Entity Instance: AdderSub:adder|Ripple_adder:g4 ;
+----------------+-------+----------------------------------------------------+
; Parameter Name ; Value ; Type                                               ;
+----------------+-------+----------------------------------------------------+
; n              ; 8     ; Signed Integer                                     ;
+----------------+-------+----------------------------------------------------+
Note: In order to hide this table in the UI and the text report file, please set the "Show Parameter Settings in Synthesis Report" option in "Analysis and Synthesis Settings -> More Settings" to "Off".


+---------------------------------------------------------------+
; Parameter Settings for User Entity Instance: Logic:logic_unit ;
+----------------+-------+--------------------------------------+
; Parameter Name ; Value ; Type                                 ;
+----------------+-------+--------------------------------------+
; n              ; 8     ; Signed Integer                       ;
+----------------+-------+--------------------------------------+
Note: In order to hide this table in the UI and the text report file, please set the "Show Parameter Settings in Synthesis Report" option in "Analysis and Synthesis Settings -> More Settings" to "Off".


+-------------------------------------------------------------------+
; Parameter Settings for User Entity Instance: Shifter:shifter_unit ;
+----------------+-------+------------------------------------------+
; Parameter Name ; Value ; Type                                     ;
+----------------+-------+------------------------------------------+
; n              ; 8     ; Signed Integer                           ;
; k              ; 3     ; Signed Integer                           ;
; m              ; 4     ; Signed Integer                           ;
+----------------+-------+------------------------------------------+
Note: In order to hide this table in the UI and the text report file, please set the "Show Parameter Settings in Synthesis Report" option in "Analysis and Synthesis Settings -> More Settings" to "Off".


+---------------------------------------------------------------+
; Parameter Settings for User Entity Instance: PWMunit:PWM_unit ;
+----------------+-------+--------------------------------------+
; Parameter Name ; Value ; Type                                 ;
+----------------+-------+--------------------------------------+
; n              ; 8     ; Signed Integer                       ;
+----------------+-------+--------------------------------------+
Note: In order to hide this table in the UI and the text report file, please set the "Show Parameter Settings in Synthesis Report" option in "Analysis and Synthesis Settings -> More Settings" to "Off".


+------------------------------------------------------------+
; Port Connectivity Checks: "AdderSub:adder|Ripple_adder:g4" ;
+---------+-------+----------+-------------------------------+
; Port    ; Type  ; Severity ; Details                       ;
+---------+-------+----------+-------------------------------+
; cin     ; Input ; Info     ; Stuck at VCC                  ;
; cond    ; Input ; Info     ; Stuck at VCC                  ;
; x[7..1] ; Input ; Info     ; Stuck at GND                  ;
; x[0]    ; Input ; Info     ; Stuck at VCC                  ;
+---------+-------+----------+-------------------------------+


+------------------------------------------------------------+
; Port Connectivity Checks: "AdderSub:adder|Ripple_adder:g3" ;
+---------+-------+----------+-------------------------------+
; Port    ; Type  ; Severity ; Details                       ;
+---------+-------+----------+-------------------------------+
; cin     ; Input ; Info     ; Stuck at GND                  ;
; cond    ; Input ; Info     ; Stuck at GND                  ;
; x[7..1] ; Input ; Info     ; Stuck at GND                  ;
; x[0]    ; Input ; Info     ; Stuck at VCC                  ;
+---------+-------+----------+-------------------------------+


+------------------------------------------------------------+
; Port Connectivity Checks: "AdderSub:adder|Ripple_adder:g2" ;
+------+-------+----------+----------------------------------+
; Port ; Type  ; Severity ; Details                          ;
+------+-------+----------+----------------------------------+
; cin  ; Input ; Info     ; Stuck at VCC                     ;
; cond ; Input ; Info     ; Stuck at VCC                     ;
; y    ; Input ; Info     ; Stuck at GND                     ;
+------+-------+----------+----------------------------------+


+------------------------------------------------------------+
; Port Connectivity Checks: "AdderSub:adder|Ripple_adder:g1" ;
+------+-------+----------+----------------------------------+
; Port ; Type  ; Severity ; Details                          ;
+------+-------+----------+----------------------------------+
; cin  ; Input ; Info     ; Stuck at VCC                     ;
; cond ; Input ; Info     ; Stuck at VCC                     ;
+------+-------+----------+----------------------------------+


+------------------------------------------------------------+
; Port Connectivity Checks: "AdderSub:adder|Ripple_adder:g0" ;
+------+-------+----------+----------------------------------+
; Port ; Type  ; Severity ; Details                          ;
+------+-------+----------+----------------------------------+
; cin  ; Input ; Info     ; Stuck at GND                     ;
; cond ; Input ; Info     ; Stuck at GND                     ;
+------+-------+----------+----------------------------------+


+-----------------------------------------------------+
; Post-Synthesis Netlist Statistics for Top Partition ;
+-----------------------+-----------------------------+
; Type                  ; Count                       ;
+-----------------------+-----------------------------+
; arriav_ff             ; 10                          ;
;     CLR               ; 2                           ;
;     ENA CLR SCLR      ; 8                           ;
; arriav_lcell_comb     ; 208                         ;
;     arith             ; 8                           ;
;         1 data inputs ; 8                           ;
;     extend            ; 3                           ;
;         7 data inputs ; 3                           ;
;     normal            ; 197                         ;
;         2 data inputs ; 9                           ;
;         3 data inputs ; 27                          ;
;         4 data inputs ; 49                          ;
;         5 data inputs ; 42                          ;
;         6 data inputs ; 70                          ;
; boundary_port         ; 37                          ;
;                       ;                             ;
; Max LUT depth         ; 7.00                        ;
; Average LUT depth     ; 5.58                        ;
+-----------------------+-----------------------------+


+-------------------------------+
; Elapsed Time Per Partition    ;
+----------------+--------------+
; Partition Name ; Elapsed Time ;
+----------------+--------------+
; Top            ; 00:00:01     ;
+----------------+--------------+


+-------------------------------+
; Analysis & Synthesis Messages ;
+-------------------------------+
Info: *******************************************************************
Info: Running Quartus Prime Analysis & Synthesis
    Info: Version 20.1.1 Build 720 11/11/2020 SJ Lite Edition
    Info: Processing started: Mon May 19 13:50:41 2025
Info: Command: quartus_map --read_settings_files=on --write_settings_files=off LAB4 -c TopIO_Interface
Warning (18236): Number of processors has not been specified which may cause overloading on shared machines.  Set the global assignment NUM_PARALLEL_PROCESSORS in your QSF to an appropriate value for best performance.
Info (20030): Parallel compilation is enabled and will use 4 of the 4 processors detected
Info (12021): Found 2 design units, including 1 entities, in source file toppurelogicwithoutpll.vhd
    Info (12022): Found design unit 1: topPureLogicWithoutPLL-struct File: D:/LAB4/TopPureLogicWithoutPLL.vhd Line: 24
    Info (12023): Found entity 1: topPureLogicWithoutPLL File: D:/LAB4/TopPureLogicWithoutPLL.vhd Line: 11
Info (12021): Found 2 design units, including 1 entities, in source file topio_interface.vhd
    Info (12022): Found design unit 1: TopIO_Interface-struct File: D:/LAB4/TopIO_Interface.vhd Line: 36
    Info (12023): Found entity 1: TopIO_Interface File: D:/LAB4/TopIO_Interface.vhd Line: 17
Info (12021): Found 2 design units, including 1 entities, in source file shifter.vhd
    Info (12022): Found design unit 1: Shifter-dataflow File: D:/LAB4/Shifter.vhd Line: 22
    Info (12023): Found entity 1: Shifter File: D:/LAB4/Shifter.vhd Line: 7
Info (12021): Found 2 design units, including 1 entities, in source file sevensegdecoder.vhd
    Info (12022): Found design unit 1: SevenSegDecoder-dfl File: D:/LAB4/SevenSegDecoder.vhd Line: 12
    Info (12023): Found entity 1: SevenSegDecoder File: D:/LAB4/SevenSegDecoder.vhd Line: 5
Info (12021): Found 2 design units, including 1 entities, in source file pwmunit.vhd
    Info (12022): Found design unit 1: PWMunit-dtf File: D:/LAB4/PWMunit.vhd Line: 16
    Info (12023): Found entity 1: PWMunit File: D:/LAB4/PWMunit.vhd Line: 8
Info (12021): Found 2 design units, including 1 entities, in source file logic.vhd
    Info (12022): Found design unit 1: Logic-dtf File: D:/LAB4/Logic.vhd Line: 11
    Info (12023): Found entity 1: Logic File: D:/LAB4/Logic.vhd Line: 4
Info (12021): Found 2 design units, including 1 entities, in source file fa.vhd
    Info (12022): Found design unit 1: FA-dataflow File: D:/LAB4/FA.vhd Line: 9
    Info (12023): Found entity 1: FA File: D:/LAB4/FA.vhd Line: 4
Info (12021): Found 1 design units, including 0 entities, in source file aux_package.vhd
    Info (12022): Found design unit 1: aux_package File: D:/LAB4/aux_package.vhd Line: 3
Info (12021): Found 2 design units, including 1 entities, in source file alu.vhd
    Info (12022): Found design unit 1: ALU-struct File: D:/LAB4/ALU.vhd Line: 21
    Info (12023): Found entity 1: ALU File: D:/LAB4/ALU.vhd Line: 7
Info (12021): Found 4 design units, including 2 entities, in source file addersub.vhd
    Info (12022): Found design unit 1: Ripple_adder-dfl File: D:/LAB4/AdderSub.vhd Line: 26
    Info (12022): Found design unit 2: AdderSub-Adder_inside File: D:/LAB4/AdderSub.vhd Line: 94
    Info (12023): Found entity 1: Ripple_adder File: D:/LAB4/AdderSub.vhd Line: 7
    Info (12023): Found entity 2: AdderSub File: D:/LAB4/AdderSub.vhd Line: 75
Info (12021): Found 2 design units, including 1 entities, in source file pll_clk.vhd
    Info (12022): Found design unit 1: PLL_clk-rtl File: D:/LAB4/PLL_clk.vhd Line: 20
    Info (12023): Found entity 1: PLL_clk File: D:/LAB4/PLL_clk.vhd Line: 11
Info (12021): Found 1 design units, including 1 entities, in source file pll_clk/pll_clk_0002.v
    Info (12023): Found entity 1: PLL_clk_0002 File: D:/LAB4/PLL_clk/PLL_clk_0002.v Line: 2
Info (12127): Elaborating entity "ALU" for the top level hierarchy
Info (12128): Elaborating entity "AdderSub" for hierarchy "AdderSub:adder" File: D:/LAB4/ALU.vhd Line: 54
Info (12128): Elaborating entity "Ripple_adder" for hierarchy "AdderSub:adder|Ripple_adder:g0" File: D:/LAB4/AdderSub.vhd Line: 130
Info (12128): Elaborating entity "FA" for hierarchy "AdderSub:adder|Ripple_adder:g0|FA:first" File: D:/LAB4/AdderSub.vhd Line: 46
Info (12128): Elaborating entity "Logic" for hierarchy "Logic:logic_unit" File: D:/LAB4/ALU.vhd Line: 63
Info (12128): Elaborating entity "Shifter" for hierarchy "Shifter:shifter_unit" File: D:/LAB4/ALU.vhd Line: 71
Warning (10540): VHDL Signal Declaration warning at Shifter.vhd(27): used explicit default value for signal "zero_vector" because signal was never assigned a value File: D:/LAB4/Shifter.vhd Line: 27
Info (12128): Elaborating entity "PWMunit" for hierarchy "PWMunit:PWM_unit" File: D:/LAB4/ALU.vhd Line: 81
Warning (10036): Verilog HDL or VHDL warning at PWMunit.vhd(20): object "prev_counter" assigned a value but never read File: D:/LAB4/PWMunit.vhd Line: 20
Warning (330000): Timing-Driven Synthesis is skipped because it could not initialize the timing netlist
Warning (20013): Ignored 16 assignments for entity "PLL_clk" -- entity does not exist in design
    Warning (20014): Assignment for entity set_global_assignment -name IP_TOOL_NAME altera_pll -entity PLL_clk -sip PLL_clk.sip -library lib_PLL_clk was ignored
    Warning (20014): Assignment for entity set_global_assignment -name IP_TOOL_VERSION 20.1 -entity PLL_clk -sip PLL_clk.sip -library lib_PLL_clk was ignored
    Warning (20014): Assignment for entity set_global_assignment -name IP_TOOL_ENV mwpim -entity PLL_clk -sip PLL_clk.sip -library lib_PLL_clk was ignored
Warning (20013): Ignored 317 assignments for entity "PLL_clk_0002" -- entity does not exist in design
Info (16010): Generating hard_block partition "hard_block:auto_generated_inst"
    Info (16011): Adding 0 node(s), including 0 DDIO, 0 PLL, 0 transceiver and 0 LCELL
Info (21057): Implemented 245 device resources after synthesis - the final resource count might be different
    Info (21058): Implemented 24 input pins
    Info (21059): Implemented 13 output pins
    Info (21061): Implemented 208 logic cells
Info: Quartus Prime Analysis & Synthesis was successful. 0 errors, 9 warnings
    Info: Peak virtual memory: 4871 megabytes
    Info: Processing ended: Mon May 19 13:50:52 2025
    Info: Elapsed time: 00:00:11
    Info: Total CPU time (on all processors): 00:00:24


